Arguments: 
  /Users/kishandahya/.nvm/versions/node/v18.15.0/bin/node /usr/local/bin/yarn install

PATH: 
  /Users/kishandahya/.nvm/versions/node/v18.15.0/bin:/Users/kishandahya/bin:/usr/local/bin:/opt/homebrew/bin:/opt/homebrew/sbin:/usr/local/bin:/usr/bin:/bin:/usr/sbin:/sbin:/usr/local/go/bin:/opt/X11/bin:/Library/Apple/usr/bin:/Users/kishandahya/bin:/opt/homebrew/bin:/opt/homebrew/sbin:/Users/kishandahya/.fzf/bin

Yarn version: 
  1.22.19

Node version: 
  18.15.0

Platform: 
  darwin arm64

Trace: 
  SyntaxError: /Users/kishandahya/repos/H2Hcostsegregation/package.json: Unexpected token } in JSON at position 506
      at JSON.parse (<anonymous>)
      at /usr/local/lib/node_modules/yarn/lib/cli.js:1629:59
      at Generator.next (<anonymous>)
      at step (/usr/local/lib/node_modules/yarn/lib/cli.js:310:30)
      at /usr/local/lib/node_modules/yarn/lib/cli.js:321:13

npm manifest: 
  {
    "name": "react-javascript",
    "version": "1.0.0",
    "type": "module",
    "description": "React TypeScript on Replit, using Vite bundler",
    "scripts": {
      "dev": "next dev",
      "build": "next build",
      "start": "next start",
      "export": "next export"
    },
    "keywords": [],
    "author": "",
    "license": "ISC",
    "dependencies": {
      "@emotion/react": "^11.10.6",
      "@emotion/styled": "^11.10.6",
      "@mui/icons-material": "^5.11.11",
      "@mui/material": "^5.11.13",
      "next": "^13.2.4",
    },
    "devDependencies": {
      "@types/node": "18.15.3",
      "@types/react": "^18.0.27",
      "@types/react-dom": "^18.0.10",
      "@vitejs/plugin-react": "^3.1.0",
      "react": "^18.2.0",
      "react-dom": "^18.2.0",
      "typescript": "^4.9.5",
      "vite": "^4.1.1"
    }
  }

yarn manifest: 
  No manifest

Lockfile: 
  No lockfile
